<?xml version="1.0" encoding="UTF-8"?>
<!-- Generated by org.testng.reporters.JUnitReportReporter -->
<testsuite hostname="clarisco-System-Product-Name" failures="0" tests="4" name="org.testng.Demo" time="0.012" errors="0" timestamp="2025-11-26T14:50:14 IST" skipped="0">
  <testcase classname="org.testng.Demo" name="tc2" time="0.003"/>
  <testcase classname="org.testng.Demo" name="tc4" time="0.003"/>
  <testcase classname="org.testng.Demo" name="tc1" time="0.002"/>
  <testcase classname="org.testng.Demo" name="tc6" time="0.004"/>
</testsuite> <!-- org.testng.Demo -->
