<?xml version="1.0" encoding="UTF-8"?>
<!-- Generated by org.testng.reporters.JUnitReportReporter -->
<testsuite hostname="clarisco-System-Product-Name" failures="0" tests="7" name="org.testng.Priorityclass" time="0.024" errors="0" timestamp="2025-11-26T17:59:08 IST" skipped="0">
  <testcase classname="org.testng.Priorityclass" name="tc4" time="0.011"/>
  <testcase classname="org.testng.Priorityclass" name="tc6" time="0.002"/>
  <testcase classname="org.testng.Priorityclass" name="tc1" time="0.001"/>
  <testcase classname="org.testng.Priorityclass" name="tc1" time="0.003"/>
  <testcase classname="org.testng.Priorityclass" name="tc1" time="0.002"/>
  <testcase classname="org.testng.Priorityclass" name="tc1" time="0.003"/>
  <testcase classname="org.testng.Priorityclass" name="tc2" time="0.002"/>
</testsuite> <!-- org.testng.Priorityclass -->
